836325
当前直播间状态： true
连接弹幕服务器  ks-live-dmcmt-bj6-pm-02.chat.bilibili.com:443  成功，正在发送握手包...
握手包收发完毕，连接成功
当前房间人气变动： 39551
6-显卡姬 | 20-浮生万物i: 喝点水
1-显卡姬 | 11-☆潶岩大亽★: 重庆很早就划分出去不是四川了
0-无勋章 | 13-云荒山里人: 娱乐大师
1-显卡姬 | 10-名字是个符号: 秋名山上路人稀，常有车手见高低。
0-无勋章 | 0-摆布灬: 呦   测试呐？
2-萧秋子 | 2-FelixZhao1111: 好烦呀
0-无勋章 | 0-真的豪情万丈: 量子上网
9-湊阿夸 | 12-枕头Shirahane: 怎样》？能打得过amd吗？
1-显卡姬 | 2-tergdf: 怎么能这样
0-无勋章 | 0-上你家蹭饭可好: 不用WIFI联网啊？
0-无勋章 | 25-我是無名小卒: 加不了了 ( ´_ゝ｀)
1-显卡姬 | 6-不良演技: 阿狸有没有群各位
5-装机猿 | 13-Gorious_sky: 重庆是直辖市啊
7-星绯雨 | 13-红烧墨鱼: 唱歌吧
17-心尖 | 41-EMMZhang: 满了
836325
当前直播间状态： true
连接弹幕服务器  ks-live-dmcmt-bj6-pm-02.chat.bilibili.com:443  成功，正在发送握手包...
握手包收发完毕，连接成功
当前房间人气变动： 39049
1-显卡姬 | 22-传说中的胡萝卜: 微星小飞机
1-显卡姬 | 2-D调成少: 为什么这个软件我装不上
0-无勋章 | 0-william707: 阿狸在用那張顯卡？
0-无勋章 | 0-非洲大粉叼: ？？？
0-无勋章 | 0-专注的忧瓦夏: 骑马与砍杀，是维京历史么
1-显卡姬 | 2-tergdf: 说爱你
0-无勋章 | 12-囧囧臭小子: 直播的阿狸好青涩的感觉，和视频里不一样。
0-无勋章 | 1-哇哈哈wa: 2080ti
0-无勋章 | 0-彡Kiss丶星玲灬: 怎么看着有点模糊
836325
当前直播间状态： true
连接弹幕服务器  ks-live-dmcmt-bj6-pm-02.chat.bilibili.com:443  成功，正在发送握手包...
握手包收发完毕，连接成功
当前房间人气变动： 38637
0-无勋章 | 10-伏见桃山没有寒天爱玉: 10600k，超十g了吗
0-无勋章 | 0-是刚刚啊啊: 露脸啊～（￣▽￣）
1-显卡姬 | 2-tergdf: 阿狸你没开0.1low帧数
6-warma | 20-炎风浪: 买来放着
1-显卡姬 | 22-低调吖: 别问 问就是拉满
0-无勋章 | 38-熙雨岚梦: 富婆
1-显卡姬 | 4-神之x: 主要是没时间
1-显卡姬 | 20-审美疲劳的xiaoqiang: 好糊
836325
当前直播间状态： true
连接弹幕服务器  ks-live-dmcmt-bj6-pm-02.chat.bilibili.com:443  成功，正在发送握手包...
握手包收发完毕，连接成功
当前房间人气变动： 38522
1-电棍儿 | 4-国玉无双Official: (⌒▽⌒)
0-无勋章 | 0-tenawalcot: F2 A
15-锦依卫 | 23-星回双辞: 码率突然掉了
4-推销员 | 37-是我是我啊: F2
1-绵羊球 | 4-夜雨声烦没你烦: F1F3
9-执素兮 | 30-寒远哲: f6
0-无勋章 | 4-threeAA: f1   f3
0-无勋章 | 21-3号攻城狮: 糊了糊了
0-无勋章 | 0-Unique6309: 骑兵连！！！！进攻！！！
6-旎姨 | 21-37432778235_bili: 10600k跟9700k哪个更强？
0-无勋章 | 16-Nberhg: 看的傻了
2-团哥 | 21-王先生丷丷: 哈哈哈
11-茶房 | 36-MC小酸酸_可怕: f1  f3
2-显卡姬 | 17-鹰原羽亻衣里: 糊我一脸
0-无勋章 | 0-小小小小鱼little_fish: 这个画质好糊啊
0-无勋章 | 2-滑稽の大圣: 有命令快捷键
0-无勋章 | 21-卡姐的老粉丫しǐaиɡぜ: 满脸马赛克
4-装机猿 | 13-派大星咯咯咯: 这画质……
0-无勋章 | 0-Unique6309: 骑兵连！！！！进攻！！！
10-装机猿 | 24-肥宅の快乐生活: 发号施令f1f3
20-C酱 | 49-肥龍之怒: 果然带着工作的手罩
1-斤粉 | 1-猜猜你是谁-: f·
4-火龙 | 22-Another_az: 哈哈哈哈哈哈
1-斤粉 | 1-猜猜你是谁-: f1
1-斤粉 | 1-猜猜你是谁-: 分
0-无勋章 | 0-爱桃哈哈: 哈哈哈哈
6-warma | 20-炎风浪: 码率没了
2-黑喂狗 | 2-育碧-UBisoft: 糊了
0-无勋章 | 25-我是無名小卒: （￣▽￣）
1-装机猿 | 1-Pepapo_G: ？？？？
1-水枪 | 7-Despair不是鸽子: F1 F3
0-无勋章 | 25-我是無名小卒: 翻车
836325
当前直播间状态： true
连接弹幕服务器  ks-live-dmcmt-bj6-pm-02.chat.bilibili.com:443  成功，正在发送握手包...
握手包收发完毕，连接成功
当前房间人气变动： 38069
10-JK兔 | 24-RicardoYag: 10600k是几核心啊？
1-团徽 | 0-啊啊西湖的水: 康康大脸盘子
0-无勋章 | 4-我是基柯: 9700k能玩？
1-显卡姬 | 20-审美疲劳的xiaoqiang: 10600k
0-无勋章 | 1-两个眼睛是出气的影久: 画质裂开
0-无勋章 | 0-YoRHaRpG: 你啥显卡呀
10-装机猿 | 24-肥宅の快乐生活: 打谁的logo就是黑谁的意思
1-显卡姬 | 10-名字是个符号: 糊了小锅咖喱和CPU烤和牛你要哪个
0-无勋章 | 0-妈妈我要发宝气: 这啥游戏，手机能玩吗doge
0-无勋章 | 0-专注的忧瓦夏: 这游戏手机能玩，但是得上865
0-无勋章 | 1-哇哈哈wa: 6核
0-无勋章 | 0-彡Kiss丶星玲灬: 掉帧了吧
0-无勋章 | 0-覅王人: 阿狸，可以讲四川话嘛，嘻嘻嘻。
1-显卡姬 | 20-审美疲劳的xiaoqiang: 码率
0-无勋章 | 1-圆287: 大镖客
0-无勋章 | 8-2015: 卧槽，这是直播？
1-显卡姬 | 4-神之x: 富婆
1-显卡姬 | 20-审美疲劳的xiaoqiang: 码率
1-显卡姬 | 2-tergdf: 能不能开个1%low帧数
0-无勋章 | 4-我是基柯: 众生平等奥德赛
0-无勋章 | 7-圀尽千帆皆不是: 你倒下了
0-无勋章 | 1-哇哈哈wa: 6核
当前房间人气变动： 37779
1-男女男 | 0-故居醋刚好: 大表哥2
1-光芒 | 2-DXFNLW: 在？抽个大脸盘子
1-显卡姬 | 20-审美疲劳的xiaoqiang: 码率
2-显卡姬 | 11-问号坑: 可以抽主板了吗
1-豫兔 | 18-萌萌哒的猛猛: 三指放大看大脸盘子(｀・ω・´)
0-无勋章 | 0-kuanAMDYES: 这俩显示器离这么远看评论真费劲。。。
2-装机猿 | 5-丶白鸦J: 阿狸闲的时候都干嘛啊
0-无勋章 | 0-大坑学不动了: 看到大表哥了
1-显卡姬 | 20-审美疲劳的xiaoqiang: 码率
0-无勋章 | 6-太刀帮帮主: cpu占用开一下啦
10-樱火龙 | 15-精英35P: 可以干爆amd吗？
1-园长的 | 0-那年晴天丶丶: 大脸盘子好~
0-无勋章 | 15-终焉回廊: 把CPU吃了，提高思考能力(滑稽)
0-无勋章 | 0-william707: 抄下了（￣▽￣）
1-装机猿 | 1-Pepapo_G: 抽个奖呗
0-无勋章 | 4-我是基柯: 服务器爆炸
0-无勋章 | 1-两个眼睛是出气的影久: 画质糊了
2-黑喂狗 | 2-育碧-UBisoft: 偷号
1-显卡姬 | 2-tergdf: 帧数1low
0-无勋章 | 3-岁月如刀红颜易老: 吐槽机-。-
0-无勋章 | 1-两个眼睛是出气的影久: 画质糊了
0-无勋章 | 0-柰子怪: 你好老婆
0-无勋章 | 4-我是基柯: 登不上
0-无勋章 | 1-王德华-: 好多游戏啊
0-无勋章 | 25-我是無名小卒: 表情可爱
